"D:/Repos/Unreal/GraphicsCourse_4.21/Content/Characters/Assignment3_Miel_DefaultMaterial_BaseColor.uasset" 0
"D:/Repos/Unreal/GraphicsCourse_4.21/Content/Characters/Assignment3_Miel_DefaultMaterial_Normal.uasset" 1
"D:/Repos/Unreal/GraphicsCourse_4.21/Content/Characters/Assignment3_Miel_DefaultMaterial_OcclusionRoughnessMetallic.uasset" 2
"D:/Repos/Unreal/GraphicsCourse_4.21/Content/Characters/M_Miel.uasset" 3
"D:/Repos/Unreal/GraphicsCourse_4.21/Content/Characters/Assignment3_Miel.uasset" 4
"D:/Repos/Unreal/GraphicsCourse_4.21/Content/Characters/BP_GCCharacter.uasset" 5
"D:/Repos/Unreal/GraphicsCourse_4.21/Content/Environment/CommonMaterials/CarpetColour.uasset" 6
"D:/Repos/Unreal/GraphicsCourse_4.21/Content/Environment/CommonMaterials/CarpetColour_DarkOrange.uasset" 7
"D:/Repos/Unreal/GraphicsCourse_4.21/Content/Environment/CommonMaterials/CarpetColour_LightOrange.uasset" 8
"D:/Repos/Unreal/GraphicsCourse_4.21/Content/Environment/Carpet/CarpetRect.uasset" 9
"D:/Repos/Unreal/GraphicsCourse_4.21/Content/Environment/Door/BP_Door.uasset" 10
"D:/Repos/Unreal/GraphicsCourse_4.21/Content/Environment/WallGlass/SM_MERGED_BP_Wall6.uasset" 11
"D:/Repos/Unreal/GraphicsCourse_4.21/Content/Geometry/Meshes/CubeMaterial.uasset" 12
"D:/Repos/Unreal/GraphicsCourse_4.21/Content/Geometry/Meshes/1M_Cube.uasset" 13
"D:/Repos/Unreal/GraphicsCourse_4.21/Content/Environment/WallGrey/BP_WallGrey.uasset" 14
"D:/Repos/Unreal/GraphicsCourse_4.21/Content/Fonts/DefaultTextMaterialOpaque.uasset" 15
"D:/Repos/Unreal/GraphicsCourse_4.21/Content/Geometry/Meshes/1M_Cube_Chamfer.uasset" 16
"D:/Repos/Unreal/GraphicsCourse_4.21/Content/Geometry/Meshes/TemplateFloor.uasset" 17
"D:/Repos/Unreal/GraphicsCourse_4.21/Content/Mannequin/Character/Mesh/UE4_Mannequin_Skeleton.uasset" 18
"D:/Repos/Unreal/GraphicsCourse_4.21/Content/Mannequin/Animations/ThirdPersonJump_End.uasset" 19
"D:/Repos/Unreal/GraphicsCourse_4.21/Content/Posters/Trump.uasset" 20
"D:/Repos/Unreal/GraphicsCourse_4.21/Content/Posters/Trump_Mat.uasset" 21
"D:/Repos/Unreal/GraphicsCourse_4.21/Content/Posters/us_propaganda-31.uasset" 22
"D:/Repos/Unreal/GraphicsCourse_4.21/Content/Posters/us_propaganda-31_Mat.uasset" 23
"../../../Engine/Content/Functions/Engine_MaterialFunctions01/Opacity/CameraDepthFade.uasset" 24
"../../../Engine/Content/EngineMaterials/T_Default_Material_Grid_M.uasset" 25
"../../../Engine/Content/EngineMaterials/T_Default_Material_Grid_N.uasset" 26
"../../../Engine/Content/EngineMaterials/WorldGridMaterial.uasset" 27
"../../../Engine/Content/ArtTools/RenderToTexture/Meshes/S_1_Unit_Plane.uasset" 28
"../../../Engine/Content/EngineMaterials/DefaultMaterial.uasset" 29
"../../../Engine/Content/BasicShapes/Cone.uasset" 30
"../../../Engine/Content/BasicShapes/Cylinder.uasset" 31
"../../../Engine/Content/BasicShapes/Sphere.uasset" 32
"../../../Engine/Content/EditorLandscapeResources/DataLayer.uasset" 33
"../../../Engine/Content/EditorMaterials/GizmoMaterial.uasset" 34
"../../../Engine/Content/EditorMaterials/MAT_Groups_Toggle.uasset" 35
"../../../Engine/Content/EditorMaterials/MAT_Groups_Visibility.uasset" 36
"../../../Engine/Content/EditorMaterials/PreviewShadowIndicator.uasset" 37
"../../../Engine/Content/EditorMaterials/PreviewShadowIndicatorMaterial.uasset" 38
"../../../Engine/Content/EditorMaterials/MatineeGroups/MAT_ColorTrack.uasset" 39
"../../../Engine/Content/EditorMaterials/MatineeGroups/MAT_Groups_Anim.uasset" 40
"../../../Engine/Content/EditorMaterials/MatineeGroups/MAT_Groups_AudioMaster.uasset" 41
"../../../Engine/Content/EditorMaterials/MatineeGroups/MAT_Groups_Director.uasset" 42
"../../../Engine/Content/EditorMaterials/MatineeGroups/MAT_Groups_Event.uasset" 43
"../../../Engine/Content/EditorMaterials/MatineeGroups/MAT_Groups_Fade.uasset" 44
"../../../Engine/Content/EditorMaterials/MatineeGroups/MAT_Groups_Float.uasset" 45
"../../../Engine/Content/EditorMaterials/MatineeGroups/MAT_Groups_Move.uasset" 46
"../../../Engine/Content/EditorMaterials/MatineeGroups/MAT_Groups_Slomo.uasset" 47
"../../../Engine/Content/EditorMaterials/MatineeGroups/MAT_Groups_Sound.uasset" 48
"../../../Engine/Content/EditorMaterials/MatineeGroups/MAT_Groups_Vector.uasset" 49
"../../../Engine/Content/EditorMaterials/ParticleSystems/PSysThumbnail_NoImage.uasset" 50
"../../../Engine/Content/EditorMaterials/ParticleSystems/PSysThumbnail_OOD.uasset" 51
"../../../Engine/Content/EditorMaterials/Camera/CineMat.uasset" 52
"../../../Engine/Content/EditorMaterials/Camera/MI_CineMat_Rig.uasset" 53
"../../../Engine/Content/EditorMeshes/Camera/SM_CraneRig_Arm.uasset" 54
"../../../Engine/Content/EditorMeshes/Camera/SM_CraneRig_Base.uasset" 55
"../../../Engine/Content/EditorMeshes/Camera/SM_CraneRig_Body.uasset" 56
"../../../Engine/Content/EditorMeshes/Camera/SM_CraneRig_Mount.uasset" 57
"../../../Engine/Content/EditorMeshes/Camera/SM_RailRig_Mount.uasset" 58
"../../../Engine/Content/EditorMeshes/Camera/SM_RailRig_Track.uasset" 59
"../../../Engine/Content/EditorResources/BSPVertex.uasset" 60
"../../../Engine/Content/EditorResources/EmptyActor.uasset" 61
"../../../Engine/Content/EditorResources/S_Actor.uasset" 62
"../../../Engine/Content/EditorResources/S_Trigger.uasset" 63
"../../../Engine/Content/EditorResources/AudioIcons/S_AudioComponent_AutoActivate.uasset" 64
"../../../Engine/Content/EditorResources/LightIcons/S_LightError.uasset" 65
"../../../Engine/Content/EditorResources/SequenceRecorder/Countdown.uasset" 66
"../../../Engine/Content/EditorResources/SequenceRecorder/RecordingIndicator.uasset" 67
"../../../Engine/Content/EditorSounds/Notifications/CompileFailed.uasset" 68
"../../../Engine/Content/EditorSounds/Notifications/CompileFailed_Cue.uasset" 69
"../../../Engine/Content/EditorSounds/Notifications/CompileSuccess.uasset" 70
"../../../Engine/Content/EditorSounds/Notifications/CompileStart_Cue.uasset" 71
"../../../Engine/Content/EditorSounds/Notifications/CompileSuccess_Cue.uasset" 72
"../../../Engine/Content/EngineDamageTypes/DmgTypeBP_Environmental.uasset" 73
"../../../Engine/Content/EngineDebugMaterials/HeatmapGradient.uasset" 74
"../../../Engine/Content/EngineDebugMaterials/BoneWeightMaterial.uasset" 75
"../../../Engine/Content/EngineDebugMaterials/ClothMaterial.uasset" 76
"../../../Engine/Content/EngineDebugMaterials/ClothMaterial_WF.uasset" 77
"../../../Engine/Content/EngineDebugMaterials/DebugEditorMaterial.uasset" 78
"../../../Engine/Content/EngineDebugMaterials/DebugMeshMaterial.uasset" 79
"../../../Engine/Content/EngineDebugMaterials/GeomMaterial.uasset" 80
"../../../Engine/Content/EngineDebugMaterials/M_SimpleTranslucent.uasset" 81
"../../../Engine/Content/EngineFonts/Faces/RobotoBold.uasset" 82
"../../../Engine/Content/EngineFonts/Faces/RobotoBoldItalic.uasset" 83
"../../../Engine/Content/EngineFonts/Faces/RobotoItalic.uasset" 84
"../../../Engine/Content/EngineFonts/Faces/RobotoLight.uasset" 85
"../../../Engine/Content/EngineFonts/Faces/RobotoRegular.uasset" 86
"../../../Engine/Content/EngineFonts/Roboto.uasset" 87
"../../../Engine/Content/EngineFonts/Faces/RobotoTiny.uasset" 88
"../../../Engine/Content/EngineFonts/RobotoTiny.uasset" 89
"../../../Engine/Content/EngineMaterials/BaseFlattenDiffuseMap.uasset" 90
"../../../Engine/Content/EngineMaterials/BaseFlattenEmissiveMap.uasset" 91
"../../../Engine/Content/EngineMaterials/BaseFlattenGrayscaleMap.uasset" 92
"../../../Engine/Content/EngineMaterials/BaseFlattenNormalMap.uasset" 93
"../../../Engine/Content/EngineMaterials/BaseFlattenMaterial.uasset" 94
"../../../Engine/Content/EngineMaterials/DefaultBloomKernel.uasset" 95
"../../../Engine/Content/EngineMaterials/DefaultBokeh.uasset" 96
"../../../Engine/Content/EngineMaterials/DefaultDiffuse.uasset" 97
"../../../Engine/Content/EngineMaterials/DefaultDeferredDecalMaterial.uasset" 98
"../../../Engine/Content/EngineMaterials/DefaultLightFunctionMaterial.uasset" 99
"../../../Engine/Content/EngineMaterials/DefaultPhysicalMaterial.uasset" 100
"../../../Engine/Content/Functions/Engine_MaterialFunctions02/Utility/BreakOutFloat2Components.uasset" 101
"../../../Engine/Content/EngineMaterials/DefaultPostProcessMaterial.uasset" 102
"../../../Engine/Content/EngineFonts/RobotoDistanceField.uasset" 103
"../../../Engine/Content/EngineMaterials/DefaultTextMaterialOpaque.uasset" 104
"../../../Engine/Content/EngineMaterials/DefaultWhiteGrid.uasset" 105
"../../../Engine/Content/EngineMaterials/EditorBrushMaterial.uasset" 106
"../../../Engine/Content/EngineMaterials/MiniFont.uasset" 107
"../../../Engine/Content/EngineMaterials/InvalidLightmapSettings.uasset" 108
"../../../Engine/Content/EngineMaterials/M_InvalidLightmapSettings.uasset" 109
"../../../Engine/Content/Functions/Engine_MaterialFunctions02/WorldPositionOffset/CameraOffset.uasset" 110
"../../../Engine/Content/EngineMaterials/PhAT_JointLimitMaterial.uasset" 111
"../../../Engine/Content/EngineMaterials/PreintegratedSkinBRDF.uasset" 112
"../../../Engine/Content/EngineMaterials/RemoveSurfaceMaterial.uasset" 113
"../../../Engine/Content/EngineMaterials/WeightMapPlaceholderTexture.uasset" 114
"../../../Engine/Content/EngineResources/WhiteSquareTexture.uasset" 115
"../../../Engine/Content/EngineMaterials/Widget3DPassThrough.uasset" 116
"../../../Engine/Content/EngineMaterials/Widget3DPassThrough_Masked.uasset" 117
"../../../Engine/Content/EngineMaterials/Widget3DPassThrough_Opaque.uasset" 118
"../../../Engine/Content/EngineMaterials/Widget3DPassThrough_Masked_OneSided.uasset" 119
"../../../Engine/Content/EngineMaterials/Widget3DPassThrough_Opaque_OneSided.uasset" 120
"../../../Engine/Content/EngineMaterials/Widget3DPassThrough_Translucent.uasset" 121
"../../../Engine/Content/EngineMaterials/Widget3DPassThrough_Translucent_OneSided.uasset" 122
"../../../Engine/Content/EngineMeshes/Cube.uasset" 123
"../../../Engine/Content/EngineMeshes/Cylinder.uasset" 124
"../../../Engine/Content/EngineMeshes/Sphere.uasset" 125
"../../../Engine/Content/EngineResources/Black.uasset" 126
"../../../Engine/Content/EngineResources/DefaultTexture.uasset" 127
"../../../Engine/Content/EngineResources/DefaultTextureCube.uasset" 128
"../../../Engine/Content/EngineResources/DefaultVolumeTexture2D.uasset" 129
"../../../Engine/Content/EngineResources/DefaultVolumeTexture.uasset" 130
"../../../Engine/Content/EngineResources/GradientTexture0.uasset" 131
"../../../Engine/Content/EngineSounds/Master.uasset" 132
"../../../Engine/Content/Functions/Engine_MaterialFunctions01/Shading/ConvertFromDiffSpec.uasset" 133
"../../../Engine/Content/Functions/Engine_MaterialFunctions01/Shading/PowerToRoughness.uasset" 134
"../../../Engine/Content/Maps/Templates/Thumbnails/Default.uasset" 135
"../../../Engine/Content/Maps/Templates/Thumbnails/VR-Basic.uasset" 136
"../../../Engine/Content/MobileResources/T_MobileControls_texture.uasset" 137
"../../../Engine/Content/MobileResources/T_MobileMenu2.uasset" 138
"../../../Engine/Content/MobileResources/HUD/AnalogHat.uasset" 139
"../../../Engine/Content/MobileResources/HUD/VirtualJoystick_Background.uasset" 140
"../../../Engine/Content/MobileResources/HUD/VirtualJoystick_Thumb.uasset" 141
"../../../Engine/Content/MobileResources/HUD/DefaultVirtualJoysticks.uasset" 142
"../../../Engine/Content/MobileResources/HUD/LeftVirtualJoystickOnly.uasset" 143
"../../../Engine/Content/MobileResources/HUD/MobileHUDButton1_off.uasset" 144
"../../../Engine/Content/MobileResources/HUD/MobileHUDButton1_on.uasset" 145
"../../../Engine/Content/MobileResources/HUD/MobileHUDButton2_off.uasset" 146
"../../../Engine/Content/MobileResources/HUD/MobileHUDButton2_on.uasset" 147
"../../../Engine/Content/MobileResources/HUD/MobileHUDButton3.uasset" 148
"../../../Engine/Content/MobileResources/HUD/MobileHUDButtonFire.uasset" 149
"../../../Engine/Content/MobileResources/HUD/MobileHUDDirectionPad.uasset" 150
"../../../Engine/Content/MobileResources/HUD/MobileHUDDirectionPad2.uasset" 151
"../../../Engine/Content/MobileResources/HUD/MobileHUDDirectionPad3.uasset" 152
"../../../Engine/Content/MobileResources/HUD/MobileHUDDirectionStick.uasset" 153
"../../../Engine/Content/MobileResources/HUD/T_Castle_ThumbstickInner.uasset" 154
"../../../Engine/Content/MobileResources/HUD/T_Castle_ThumbstickOutter.uasset" 155
"../../../Engine/Content/Tutorial/ContentIntroCurve.uasset" 156
"../../../Engine/Content/Tutorial/Basics/TutorialAssets/icon_tab_Levels_40x.uasset" 157
"../../../Engine/Content/VREditor/LaserPointer/VR_LaserPower_01.uasset" 158
"../../../Engine/Content/VREditor/TransformGizmo/TransformGizmoMaterial.uasset" 159
"../../../Engine/Content/VREditor/TransformGizmo/TranslucentTransformGizmoMaterial.uasset" 160
"../../../Engine/Content/VREditor/TransformGizmo/BoundingBoxCorner.uasset" 161
"../../../Engine/Content/VREditor/TransformGizmo/BoundingBoxEdge.uasset" 162
"../../../Engine/Content/VREditor/TransformGizmo/PlaneTranslationHandle.uasset" 163
"../../../Engine/Content/VREditor/TransformGizmo/Main.uasset" 164
"../../../Engine/Content/VREditor/TransformGizmo/Xray.uasset" 165
"../../../Engine/Content/VREditor/TransformGizmo/SM_Sequencer_Key.uasset" 166
"../../../Engine/Content/VREditor/TransformGizmo/SM_Sequencer_Node.uasset" 167
"../../Plugins/2D/Paper2D/Content/PlaceholderTextures/DummySpriteTexture.uasset" 168
"../../Plugins/2D/Paper2D/Content/DummySprite.uasset" 169
"../../Plugins/2D/Paper2D/Content/DefaultPaperTerrainMaterial.uasset" 170
"../../Plugins/2D/Paper2D/Content/DefaultSpriteMaterial.uasset" 171
"../../Plugins/2D/Paper2D/Content/MaskedUnlitSpriteMaterial.uasset" 172
"../../Plugins/2D/Paper2D/Content/OpaqueUnlitSpriteMaterial.uasset" 173
"../../Plugins/Runtime/Oculus/OculusVR/Content/Materials/PokeAHoleMaterial.uasset" 174
"../../Plugins/Runtime/Oculus/OculusVR/Content/Textures/GearVRController_AO.uasset" 175
"../../Plugins/Runtime/Oculus/OculusVR/Content/Textures/GearVRController_Color.uasset" 176
"../../Plugins/Runtime/Oculus/OculusVR/Content/Textures/GearVRController_Normal.uasset" 177
"../../Plugins/Runtime/Oculus/OculusVR/Content/Materials/GearVRControllerMaterial.uasset" 178
"../../Plugins/Runtime/Oculus/OculusVR/Content/Meshes/GearVrController.uasset" 179
"../../Plugins/Runtime/Oculus/OculusVR/Content/Textures/touchController_albedo.uasset" 180
"../../Plugins/Runtime/Oculus/OculusVR/Content/Textures/touchController_controlmap.uasset" 181
"../../Plugins/Runtime/Oculus/OculusVR/Content/Materials/touchController_mat.uasset" 182
"../../Plugins/Runtime/Oculus/OculusVR/Content/Meshes/LeftTouchController.uasset" 183
"../../Plugins/Runtime/Oculus/OculusVR/Content/Meshes/RiftHMD.uasset" 184
"../../Plugins/Runtime/Oculus/OculusVR/Content/Meshes/RightTouchController.uasset" 185
"../../../Engine/Content/EditorBlueprintResources/StandardMacros.uasset" 186
"../../../Engine/Content/EngineSky/C_Sky_Cloud_Color.uasset" 187
"../../../Engine/Content/EngineSky/C_Sky_Horizon_Color.uasset" 188
"../../../Engine/Content/EngineSky/C_Sky_Zenith_Color.uasset" 189
"../../../Engine/Content/EngineSky/T_Sky_Blue.uasset" 190
"../../../Engine/Content/EngineSky/T_Sky_Clouds_M.uasset" 191
"../../../Engine/Content/EngineSky/T_Sky_Stars.uasset" 192
"../../../Engine/Content/EngineSky/M_Sky_Panning_Clouds2.uasset" 193
"../../../Engine/Content/EngineSky/SM_SkySphere.uasset" 194
"../../../Engine/Content/EngineSky/BP_Sky_Sphere.uasset" 195
"../../../Engine/Content/MapTemplates/SM_Template_Map_Floor.uasset" 196
"D:/Repos/Unreal/GraphicsCourse_4.21/Content/Maps/CharacterMap.umap" 197
"D:/Repos/Unreal/GraphicsCourse_4.21/Content/Maps/LampMap_BuiltData.uasset" 198
"D:/Repos/Unreal/GraphicsCourse_4.21/Content/Lamp/low_DefaultMaterial_BaseColor.uasset" 199
"D:/Repos/Unreal/GraphicsCourse_4.21/Content/Lamp/low_DefaultMaterial_Emissive.uasset" 200
"D:/Repos/Unreal/GraphicsCourse_4.21/Content/Lamp/low_DefaultMaterial_Normal.uasset" 201
"D:/Repos/Unreal/GraphicsCourse_4.21/Content/Lamp/low_DefaultMaterial_OcclusionRoughnessMetallic.uasset" 202
"D:/Repos/Unreal/GraphicsCourse_4.21/Content/Lamp/M_BankersLamp.uasset" 203
"D:/Repos/Unreal/GraphicsCourse_4.21/Content/Lamp/SM_BankersLamp.uasset" 204
"D:/Repos/Unreal/GraphicsCourse_4.21/Content/Maps/LampMap.umap" 205
"D:/Repos/Unreal/GraphicsCourse_4.21/Content/Environment/Ceilling/Ceilling.uasset" 206
"D:/Repos/Unreal/GraphicsCourse_4.21/Content/Environment/Ceilling/Ceilling_Blueprint.uasset" 207
"D:/Repos/Unreal/GraphicsCourse_4.21/Content/Environment/CommonMaterials/M_Colum.uasset" 208
"D:/Repos/Unreal/GraphicsCourse_4.21/Content/Environment/Colum/BP_Colum.uasset" 209
"../../../Engine/Content/Functions/Engine_MaterialFunctions01/Density/ExponentialDensity.uasset" 210
"../../../Engine/Content/Functions/Engine_MaterialFunctions01/Gradient/RadialGradientExponential.uasset" 211
"D:/Repos/Unreal/GraphicsCourse_4.21/Content/Environment/Floor/CarpetRing.uasset" 212
"D:/Repos/Unreal/GraphicsCourse_4.21/Content/Environment/Floor/CarpetRing_Inst.uasset" 213
"D:/Repos/Unreal/GraphicsCourse_4.21/Content/Environment/Floor/FloorCircle.uasset" 214
"D:/Repos/Unreal/GraphicsCourse_4.21/Content/Environment/Floor/FloorCircle_Inst.uasset" 215
"D:/Repos/Unreal/GraphicsCourse_4.21/Content/Environment/Floor/FloorColour.uasset" 216
"D:/Repos/Unreal/GraphicsCourse_4.21/Content/Environment/Floor/FloorColour_Inst.uasset" 217
"D:/Repos/Unreal/GraphicsCourse_4.21/Content/Environment/Floor/FloorSun_MainTriangles.uasset" 218
"D:/Repos/Unreal/GraphicsCourse_4.21/Content/Environment/Floor/FloorSun_Plane001.uasset" 219
"D:/Repos/Unreal/GraphicsCourse_4.21/Content/Environment/Floor/FloorSun_SubTriangles.uasset" 220
"D:/Repos/Unreal/GraphicsCourse_4.21/Content/Environment/Floor/Carpet.uasset" 221
"D:/Repos/Unreal/GraphicsCourse_4.21/Content/Environment/Floor/FloorButtom.uasset" 222
"D:/Repos/Unreal/GraphicsCourse_4.21/Content/Environment/Floor/FloorButtom_Inst.uasset" 223
"D:/Repos/Unreal/GraphicsCourse_4.21/Content/Environment/Floor/FloorCircle_Inst1.uasset" 224
"D:/Repos/Unreal/GraphicsCourse_4.21/Content/Environment/Floor/FloorColour_Inst1.uasset" 225
"D:/Repos/Unreal/GraphicsCourse_4.21/Content/Environment/Floor/Floor.uasset" 226
"D:/Repos/Unreal/GraphicsCourse_4.21/Content/Environment/Floor/Floor_Blueprint.uasset" 227
"D:/Repos/Unreal/GraphicsCourse_4.21/Content/Environment/PlantRect/SM_PlantRect.uasset" 228
"D:/Repos/Unreal/GraphicsCourse_4.21/Content/Environment/PlantRect/BP_PlantRect.uasset" 229
"../../../Engine/Content/BasicShapes/BasicShapeMaterial.uasset" 230
"D:/Repos/Unreal/GraphicsCourse_4.21/Content/Environment/CommonMaterials/ILWallGlass.uasset" 231
"D:/Repos/Unreal/GraphicsCourse_4.21/Content/Environment/CommonMaterials/ILWallGlass_Inst.uasset" 232
"../../../Engine/Content/BasicShapes/Plane.uasset" 233
"D:/Repos/Unreal/GraphicsCourse_4.21/Content/Environment/ScreenFloor/ScreenFloor_Base.uasset" 234
"D:/Repos/Unreal/GraphicsCourse_4.21/Content/Environment/ScreenFloor/ScreenFloor_Screen.uasset" 235
"D:/Repos/Unreal/GraphicsCourse_4.21/Content/Environment/ScreenFloor/BP_ScreenFloor.uasset" 236
"D:/Repos/Unreal/GraphicsCourse_4.21/Content/Environment/ScreenFloor/BP_ScreenFloor1.uasset" 237
"D:/Repos/Unreal/GraphicsCourse_4.21/Content/Environment/CommonMaterials/M_WallGlass.uasset" 238
"D:/Repos/Unreal/GraphicsCourse_4.21/Content/Environment/Shelf/Shelf_Glass.uasset" 239
"D:/Repos/Unreal/GraphicsCourse_4.21/Content/Environment/Shelf/Shelf_Outside.uasset" 240
"D:/Repos/Unreal/GraphicsCourse_4.21/Content/Environment/SmallWall/BP_WallSmall.uasset" 241
"../../../Engine/Content/Functions/Engine_MaterialFunctions01/Gradient/LinearGradient.uasset" 242
"D:/Repos/Unreal/GraphicsCourse_4.21/Content/Environment/Aloe/Aleo.uasset" 243
"D:/Repos/Unreal/GraphicsCourse_4.21/Content/Environment/Aloe/Aleo_Green.uasset" 244
"D:/Repos/Unreal/GraphicsCourse_4.21/Content/Environment/Aloe/Aleo_Purple.uasset" 245
"D:/Repos/Unreal/GraphicsCourse_4.21/Content/Environment/Aloe/Aloe.uasset" 246
"D:/Repos/Unreal/GraphicsCourse_4.21/Content/Environment/PlantTri/PlantTri.uasset" 247
"D:/Repos/Unreal/GraphicsCourse_4.21/Content/Environment/Sofa/Sofa_Barrior.uasset" 248
"D:/Repos/Unreal/GraphicsCourse_4.21/Content/Environment/CommonMaterials/CarpetColour_Yellow.uasset" 249
"D:/Repos/Unreal/GraphicsCourse_4.21/Content/Environment/Sofa/Sofa_Mat.uasset" 250
"../../../Engine/Content/EngineMaterials/Good64x64TilingNoiseHighFreq.uasset" 251
"../../../Engine/Content/Functions/Engine_MaterialFunctions01/Texturing/SpiralBlur-SceneTexture.uasset" 252
"D:/Repos/Unreal/GraphicsCourse_4.21/Content/Environment/CommonMaterials/MilkyGlass.uasset" 253
"D:/Repos/Unreal/GraphicsCourse_4.21/Content/Environment/CommonMaterials/TransparentPlastic_Inst.uasset" 254
"D:/Repos/Unreal/GraphicsCourse_4.21/Content/Environment/Sofa/Sofa_Seat.uasset" 255
"D:/Repos/Unreal/GraphicsCourse_4.21/Content/Environment/Sofa/BP_SofaPlantMat.uasset" 256
"D:/Repos/Unreal/GraphicsCourse_4.21/Content/Environment/Speaker/BP_Speaker.uasset" 257
"D:/Repos/Unreal/GraphicsCourse_4.21/Content/Environment/Stage/BP_Stage.uasset" 258
"D:/Repos/Unreal/GraphicsCourse_4.21/Content/Environment/WallGlass/BP_WallGlass.uasset" 259
"D:/Repos/Unreal/GraphicsCourse_4.21/Content/Mannequin/Animations/ThirdPerson_Jump.uasset" 260
"D:/Repos/Unreal/GraphicsCourse_4.21/Content/Mannequin/Animations/ThirdPersonJump_Loop.uasset" 261
"D:/Repos/Unreal/GraphicsCourse_4.21/Content/Mannequin/Animations/ThirdPersonJump_Start.uasset" 262
"D:/Repos/Unreal/GraphicsCourse_4.21/Content/Mannequin/Animations/ThirdPersonIdle.uasset" 263
"D:/Repos/Unreal/GraphicsCourse_4.21/Content/Mannequin/Animations/ThirdPersonRun.uasset" 264
"D:/Repos/Unreal/GraphicsCourse_4.21/Content/Mannequin/Animations/ThirdPersonWalk.uasset" 265
"D:/Repos/Unreal/GraphicsCourse_4.21/Content/Mannequin/Animations/ThirdPerson_IdleRun_2D.uasset" 266
"D:/Repos/Unreal/GraphicsCourse_4.21/Content/Mannequin/Animations/ThirdPerson_AnimBP.uasset" 267
"../../../Engine/Content/Functions/Engine_MaterialFunctions02/Utility/BlendAngleCorrectedNormals.uasset" 268
"../../../Engine/Content/Functions/MaterialLayerFunctions/MatLayerBlend_NormalBlend.uasset" 269
"../../../Engine/Content/Functions/MaterialLayerFunctions/MatLayerBlend_Simple.uasset" 270
"D:/Repos/Unreal/GraphicsCourse_4.21/Content/Mannequin/Character/Materials/MaterialLayers/T_ML_Rubber_Blue_01_D.uasset" 271
"D:/Repos/Unreal/GraphicsCourse_4.21/Content/Mannequin/Character/Materials/MaterialLayers/T_ML_Rubber_Blue_01_N.uasset" 272
"D:/Repos/Unreal/GraphicsCourse_4.21/Content/Mannequin/Character/Materials/MaterialLayers/ML_GlossyBlack_Latex_UE4.uasset" 273
"D:/Repos/Unreal/GraphicsCourse_4.21/Content/Mannequin/Character/Materials/MaterialLayers/ML_Plastic_Shiny_Beige.uasset" 274
"D:/Repos/Unreal/GraphicsCourse_4.21/Content/Mannequin/Character/Textures/UE4_LOGO_CARD.uasset" 275
"D:/Repos/Unreal/GraphicsCourse_4.21/Content/Mannequin/Character/Materials/MaterialLayers/ML_Plastic_Shiny_Beige_LOGO.uasset" 276
"D:/Repos/Unreal/GraphicsCourse_4.21/Content/Mannequin/Character/Materials/MaterialLayers/T_ML_Aluminum01.uasset" 277
"D:/Repos/Unreal/GraphicsCourse_4.21/Content/Mannequin/Character/Materials/MaterialLayers/T_ML_Aluminum01_N.uasset" 278
"D:/Repos/Unreal/GraphicsCourse_4.21/Content/Mannequin/Character/Materials/MaterialLayers/ML_SoftMetal_UE4.uasset" 279
"D:/Repos/Unreal/GraphicsCourse_4.21/Content/Mannequin/Character/Textures/UE4_Mannequin__normals.uasset" 280
"D:/Repos/Unreal/GraphicsCourse_4.21/Content/Mannequin/Character/Textures/UE4_Mannequin_MAT_MASKA.uasset" 281
"D:/Repos/Unreal/GraphicsCourse_4.21/Content/Mannequin/Character/Materials/M_UE4Man_Body.uasset" 282
"D:/Repos/Unreal/GraphicsCourse_4.21/Content/Mannequin/Character/Textures/UE4Man_Logo_N.uasset" 283
"D:/Repos/Unreal/GraphicsCourse_4.21/Content/Mannequin/Character/Materials/M_UE4Man_ChestLogo.uasset" 284
"D:/Repos/Unreal/GraphicsCourse_4.21/Content/Mannequin/Character/Mesh/SK_Mannequin_PhysicsAsset.uasset" 285
"D:/Repos/Unreal/GraphicsCourse_4.21/Content/Mannequin/Character/Mesh/SK_Mannequin.uasset" 286
"D:/Repos/Unreal/GraphicsCourse_4.21/Content/Characters/BP_GCCharacter_2.uasset" 287
"D:/Repos/Unreal/GraphicsCourse_4.21/Content/GamePlay/BP_GraphicsCourseGameModeBase.uasset" 288
"D:/Repos/Unreal/GraphicsCourse_4.21/Content/NPC/MielNPC.uasset" 289
"D:/Repos/Unreal/GraphicsCourse_4.21/Content/Videos/_HD__United_States_-_North_Korea_Singapore_Summit_Video_-__A_Story_of_Opportunity___English_.uasset" 290
"D:/Repos/Unreal/GraphicsCourse_4.21/Content/Maps/TestMap_BuiltData.uasset" 291
"D:/Repos/Unreal/GraphicsCourse_4.21/Content/Characters/MaoPortrait.uasset" 292
"D:/Repos/Unreal/GraphicsCourse_4.21/Content/Characters/MaoPortrait_Mat.uasset" 293
"D:/Repos/Unreal/GraphicsCourse_4.21/Content/Posters/Female.uasset" 294
"D:/Repos/Unreal/GraphicsCourse_4.21/Content/Posters/Female_Mat.uasset" 295
"D:/Repos/Unreal/GraphicsCourse_4.21/Content/Posters/Het.uasset" 296
"D:/Repos/Unreal/GraphicsCourse_4.21/Content/Posters/Het_Mat.uasset" 297
"D:/Repos/Unreal/GraphicsCourse_4.21/Content/Posters/Hitler.uasset" 298
"D:/Repos/Unreal/GraphicsCourse_4.21/Content/Posters/Hitler_Mat.uasset" 299
"D:/Repos/Unreal/GraphicsCourse_4.21/Content/Posters/Japan.uasset" 300
"D:/Repos/Unreal/GraphicsCourse_4.21/Content/Posters/Japan_Mat.uasset" 301
"D:/Repos/Unreal/GraphicsCourse_4.21/Content/Posters/LGBT.uasset" 302
"D:/Repos/Unreal/GraphicsCourse_4.21/Content/Posters/LGBT_Mat.uasset" 303
"D:/Repos/Unreal/GraphicsCourse_4.21/Content/Posters/Mao.uasset" 304
"D:/Repos/Unreal/GraphicsCourse_4.21/Content/Posters/Mao_Mat.uasset" 305
"D:/Repos/Unreal/GraphicsCourse_4.21/Content/Posters/MotherRussia.uasset" 306
"D:/Repos/Unreal/GraphicsCourse_4.21/Content/Posters/MotherRussia_Mat.uasset" 307
"D:/Repos/Unreal/GraphicsCourse_4.21/Content/Posters/NK.uasset" 308
"D:/Repos/Unreal/GraphicsCourse_4.21/Content/Posters/NK_Mat.uasset" 309
"D:/Repos/Unreal/GraphicsCourse_4.21/Content/Posters/US.uasset" 310
"D:/Repos/Unreal/GraphicsCourse_4.21/Content/Posters/US_Mat.uasset" 311
"D:/Repos/Unreal/GraphicsCourse_4.21/Content/Videos/MediaPlayer.uasset" 312
"D:/Repos/Unreal/GraphicsCourse_4.21/Content/Videos/MediaPlayer_Video.uasset" 313
"D:/Repos/Unreal/GraphicsCourse_4.21/Content/Videos/MediaPlayer_Video_Mat.uasset" 314
"D:/Repos/Unreal/GraphicsCourse_4.21/Content/Environment/CommonMaterials/M_Colum_Inst.uasset" 315
"../../../Engine/Content/BasicShapes/Cube.uasset" 316
"D:/Repos/Unreal/GraphicsCourse_4.21/Content/Characters/Mickey01.uasset" 317
"D:/Repos/Unreal/GraphicsCourse_4.21/Content/Characters/Material_0.uasset" 318
"D:/Repos/Unreal/GraphicsCourse_4.21/Content/Characters/Mickey.uasset" 319
"D:/Repos/Unreal/GraphicsCourse_4.21/Content/Environment/Carpet/SM_MERGED_CarpetRect.uasset" 320
"D:/Repos/Unreal/GraphicsCourse_4.21/Content/Environment/WallGrey/LongWall.uasset" 321
"D:/Repos/Unreal/GraphicsCourse_4.21/Content/Environment/WallGrey/ShortWall.uasset" 322
"D:/Repos/Unreal/GraphicsCourse_4.21/Content/Environment/WallGrey/SM_MERGED_BP_Wall4.uasset" 323
"D:/Repos/Unreal/GraphicsCourse_4.21/Content/Sounds/CNT.uasset" 324
"D:/Repos/Unreal/GraphicsCourse_4.21/Content/Sounds/intern.uasset" 325
"D:/Repos/Unreal/GraphicsCourse_4.21/Content/Sounds/NewSoundAttenuation.uasset" 326
"D:/Repos/Unreal/GraphicsCourse_4.21/Content/Sounds/ussr44.uasset" 327
"D:/Repos/Unreal/GraphicsCourse_4.21/Content/Maps/TestMap.umap" 328
"../../../Engine/Content/Maps/Entry_BuiltData.uasset" 329
"../../../Engine/Content/Maps/Entry.umap" 330
